<?xml version="1.0" encoding="UTF-8"?>
<!-- Generated by org.testng.reporters.JUnitXMLReporter -->
<testsuite hostname="DESKTOP-VSSMU77" name="Sprint1" tests="3" failures="0" timestamp="10 Jan 2019 06:20:05 GMT" time="0.063" errors="0">
  <testcase name="Testfb" time="0.015" classname="Testcasess.Testcase1"/>
  <testcase name="Testhome" time="0.016" classname="Testcasess.Testcase2"/>
  <testcase name="Testlogin" time="0.016" classname="Testcasess.Testcase3"/>
</testsuite> <!-- Sprint1 -->
