<?xml version="1.0" encoding="UTF-8"?>
<testng-results skipped="0" failed="0" total="1" passed="1">
  <reporter-output>
  </reporter-output>
  <suite name="Default suite" duration-ms="21227" started-at="2018-07-22T18:39:56Z" finished-at="2018-07-22T18:40:18Z">
    <groups>
    </groups>
    <test name="Default test" duration-ms="21227" started-at="2018-07-22T18:39:56Z" finished-at="2018-07-22T18:40:18Z">
      <class name="testNG.Screenshot">
        <test-method status="PASS" signature="createcustomerTest()[pri:0, instance:testNG.Screenshot@6767c1fc]" name="createcustomerTest" duration-ms="21188" started-at="2018-07-23T00:09:56Z" finished-at="2018-07-23T00:10:18Z">
          <reporter-output>
          </reporter-output>
        </test-method> <!-- createcustomerTest -->
      </class> <!-- testNG.Screenshot -->
    </test> <!-- Default test -->
  </suite> <!-- Default suite -->
</testng-results>
