<?xml version="1.0" encoding="UTF-8"?>
<!-- Generated by org.testng.reporters.JUnitXMLReporter -->
<testsuite hostname="DESKTOP-VSSMU77" ignored="0" name="Default test" tests="3" failures="0" timestamp="31 Jul 2018 07:03:24 GMT" time="30.839" errors="0">
  <testcase name="createCustomerTest" time="30.776" classname="com.actitime.customer.CustomerTest"/>
  <testcase name="deleteCustomerTest" time="0.002" classname="com.actitime.customer.CustomerTest"/>
  <testcase name="modifyCustomerTest" time="0.001" classname="com.actitime.customer.CustomerTest"/>
</testsuite> <!-- Default test -->
