<?xml version="1.0" encoding="UTF-8"?>
<!-- Generated by org.testng.reporters.JUnitXMLReporter -->
<testsuite hostname="DESKTOP-VSSMU77" name="Test" tests="19" failures="0" timestamp="18 Jul 2018 05:24:31 GMT" time="21.664" errors="0">
  <testcase name="createCustomerTest" time="0.009" classname="testNG.BeforeclassAndAfterclass"/>
  <testcase name="deleteCusomerTest" time="0.004" classname="testNG.BeforeclassAndAfterclass"/>
  <testcase name="modifyingCustomerTest" time="0.002" classname="testNG.BeforeclassAndAfterclass"/>
  <testcase name="createCustomerTest" time="0.018" classname="testNG.CustomerTest1"/>
  <testcase name="deleteCusomerTest" time="0.004" classname="testNG.CustomerTest1"/>
  <testcase name="modifyingCustomerTest" time="0.002" classname="testNG.CustomerTest1"/>
  <testcase name="createprojectTest" time="0.004" classname="com.actitime.projectTest.projectTest.ProjectTest"/>
  <testcase name="deleteprojectTest" time="0.002" classname="com.actitime.projectTest.projectTest.ProjectTest"/>
  <testcase name="modifyingprojectTest" time="0.002" classname="com.actitime.projectTest.projectTest.ProjectTest"/>
  <testcase name="createcustomerTest" time="0.003" classname="testNG.CustomerTest"/>
  <testcase name="createCustomerTest" time="0.006" classname="com.actitime.customerTestt.customerTest.CustomerTest"/>
  <testcase name="deleteCusomerTest" time="0.003" classname="com.actitime.customerTestt.customerTest.CustomerTest"/>
  <testcase name="modifyingCustomerTest" time="0.006" classname="com.actitime.customerTestt.customerTest.CustomerTest"/>
  <testcase name="createuserTest" time="0.003" classname="com.actitime.userTest.userTest.UserTest"/>
  <testcase name="deleteuserTest" time="0.003" classname="com.actitime.userTest.userTest.UserTest"/>
  <testcase name="modifyinguserTest" time="0.004" classname="com.actitime.userTest.userTest.UserTest"/>
  <testcase name="createCustomerTest" time="0.001" classname="testNG.CustomerTestSubClass"/>
  <testcase name="deleteCusomerTest" time="0.002" classname="testNG.CustomerTestSubClass"/>
  <testcase name="modifyingCustomerTest" time="0.001" classname="testNG.CustomerTestSubClass"/>
</testsuite> <!-- Test -->
