<?xml version="1.0" encoding="UTF-8"?>
<testng-results skipped="3" failed="0" total="3" passed="0">
  <reporter-output>
  </reporter-output>
  <suite name="Default suite" duration-ms="110" started-at="2019-01-10T05:53:27Z" finished-at="2019-01-10T05:53:27Z">
    <groups>
    </groups>
    <test name="Default test" duration-ms="110" started-at="2019-01-10T05:53:27Z" finished-at="2019-01-10T05:53:27Z">
      <class name="ParallelExecution.CustomerTestSubClass">
        <test-method status="FAIL" signature="configBc(java.lang.String)[pri:0, instance:ParallelExecution.CustomerTestSubClass@14acaea5]" name="configBc" is-config="true" duration-ms="0" started-at="2019-01-10T11:23:27Z" finished-at="2019-01-10T11:23:27Z">
          <exception class="org.testng.TestNGException">
            <message>
              <![CDATA[
Parameter 'browser' is required by @Configuration on method configBc but has not been marked @Optional or defined
in C:\Users\sanjaya\AppData\Local\Temp\testng-eclipse-867524187\testng-customsuite.xml]]>
            </message>
            <full-stacktrace>
              <![CDATA[org.testng.TestNGException: 
Parameter 'browser' is required by @Configuration on method configBc but has not been marked @Optional or defined
in C:\Users\sanjaya\AppData\Local\Temp\testng-eclipse-867524187\testng-customsuite.xml
	at org.testng.internal.Parameters.createParameters(Parameters.java:154)
	at org.testng.internal.Parameters.createParameters(Parameters.java:361)
	at org.testng.internal.Parameters.createConfigurationParameters(Parameters.java:84)
	at org.testng.internal.Invoker.invokeConfigurations(Invoker.java:197)
	at org.testng.internal.Invoker.invokeConfigurations(Invoker.java:138)
	at org.testng.internal.TestMethodWorker.invokeBeforeClassMethods(TestMethodWorker.java:170)
	at org.testng.internal.TestMethodWorker.run(TestMethodWorker.java:104)
	at org.testng.TestRunner.privateRun(TestRunner.java:774)
	at org.testng.TestRunner.run(TestRunner.java:624)
	at org.testng.SuiteRunner.runTest(SuiteRunner.java:359)
	at org.testng.SuiteRunner.runSequentially(SuiteRunner.java:354)
	at org.testng.SuiteRunner.privateRun(SuiteRunner.java:312)
	at org.testng.SuiteRunner.run(SuiteRunner.java:261)
	at org.testng.SuiteRunnerWorker.runSuite(SuiteRunnerWorker.java:52)
	at org.testng.SuiteRunnerWorker.run(SuiteRunnerWorker.java:86)
	at org.testng.TestNG.runSuitesSequentially(TestNG.java:1215)
	at org.testng.TestNG.runSuitesLocally(TestNG.java:1140)
	at org.testng.TestNG.run(TestNG.java:1048)
	at org.testng.remote.AbstractRemoteTestNG.run(AbstractRemoteTestNG.java:114)
	at org.testng.remote.RemoteTestNG.initAndRun(RemoteTestNG.java:251)
	at org.testng.remote.RemoteTestNG.main(RemoteTestNG.java:77)
]]>
            </full-stacktrace>
          </exception> <!-- org.testng.TestNGException -->
          <reporter-output>
          </reporter-output>
        </test-method> <!-- configBc -->
        <test-method status="SKIP" signature="configBM()[pri:0, instance:ParallelExecution.CustomerTestSubClass@14acaea5]" name="configBM" is-config="true" duration-ms="0" started-at="2019-01-10T11:23:27Z" finished-at="2019-01-10T11:23:27Z">
          <reporter-output>
          </reporter-output>
        </test-method> <!-- configBM -->
        <test-method status="SKIP" signature="createCustomerTest()[pri:0, instance:ParallelExecution.CustomerTestSubClass@14acaea5]" name="createCustomerTest" duration-ms="23" started-at="2019-01-10T11:23:27Z" finished-at="2019-01-10T11:23:27Z">
          <reporter-output>
          </reporter-output>
        </test-method> <!-- createCustomerTest -->
        <test-method status="SKIP" signature="configAM()[pri:0, instance:ParallelExecution.CustomerTestSubClass@14acaea5]" name="configAM" is-config="true" duration-ms="0" started-at="2019-01-10T11:23:27Z" finished-at="2019-01-10T11:23:27Z">
          <reporter-output>
          </reporter-output>
        </test-method> <!-- configAM -->
        <test-method status="SKIP" signature="configBM()[pri:0, instance:ParallelExecution.CustomerTestSubClass@14acaea5]" name="configBM" is-config="true" duration-ms="0" started-at="2019-01-10T11:23:27Z" finished-at="2019-01-10T11:23:27Z">
          <reporter-output>
          </reporter-output>
        </test-method> <!-- configBM -->
        <test-method status="SKIP" signature="deleteCusomerTest()[pri:0, instance:ParallelExecution.CustomerTestSubClass@14acaea5]" name="deleteCusomerTest" duration-ms="2" started-at="2019-01-10T11:23:27Z" finished-at="2019-01-10T11:23:27Z">
          <reporter-output>
          </reporter-output>
        </test-method> <!-- deleteCusomerTest -->
        <test-method status="SKIP" signature="configAM()[pri:0, instance:ParallelExecution.CustomerTestSubClass@14acaea5]" name="configAM" is-config="true" duration-ms="0" started-at="2019-01-10T11:23:27Z" finished-at="2019-01-10T11:23:27Z">
          <reporter-output>
          </reporter-output>
        </test-method> <!-- configAM -->
        <test-method status="SKIP" signature="configBM()[pri:0, instance:ParallelExecution.CustomerTestSubClass@14acaea5]" name="configBM" is-config="true" duration-ms="0" started-at="2019-01-10T11:23:27Z" finished-at="2019-01-10T11:23:27Z">
          <reporter-output>
          </reporter-output>
        </test-method> <!-- configBM -->
        <test-method status="SKIP" signature="modifyingCustomerTest()[pri:0, instance:ParallelExecution.CustomerTestSubClass@14acaea5]" name="modifyingCustomerTest" duration-ms="1" started-at="2019-01-10T11:23:27Z" finished-at="2019-01-10T11:23:27Z">
          <reporter-output>
          </reporter-output>
        </test-method> <!-- modifyingCustomerTest -->
        <test-method status="SKIP" signature="configAM()[pri:0, instance:ParallelExecution.CustomerTestSubClass@14acaea5]" name="configAM" is-config="true" duration-ms="0" started-at="2019-01-10T11:23:27Z" finished-at="2019-01-10T11:23:27Z">
          <reporter-output>
          </reporter-output>
        </test-method> <!-- configAM -->
        <test-method status="SKIP" signature="configAC()[pri:0, instance:ParallelExecution.CustomerTestSubClass@14acaea5]" name="configAC" is-config="true" duration-ms="0" started-at="2019-01-10T11:23:27Z" finished-at="2019-01-10T11:23:27Z">
          <reporter-output>
          </reporter-output>
        </test-method> <!-- configAC -->
      </class> <!-- ParallelExecution.CustomerTestSubClass -->
    </test> <!-- Default test -->
  </suite> <!-- Default suite -->
</testng-results>
